[Tue Mar 31 08:39:23 MST 2026] Watcher started on branch: feat/ghl-resource-modules-and-tests
[Tue Mar 31 08:39:23 MST 2026] Changes detected:
?? watch-and-push.sh
?? watch-push.log
[Tue Mar 31 08:39:43 MST 2026] Committing and pushing to feat/ghl-resource-modules-and-tests...
[Tue Mar 31 08:41:00 MST 2026] Push FAILED
[Tue Mar 31 08:41:16 MST 2026] Changes detected:
 M watch-push.log
[Tue Mar 31 08:41:36 MST 2026] Committing and pushing to feat/ghl-resource-modules-and-tests...
[Tue Mar 31 08:42:25 MST 2026] Push FAILED
[Tue Mar 31 08:42:40 MST 2026] Changes detected:
 M watch-push.log
[Tue Mar 31 08:43:00 MST 2026] Committing and pushing to feat/ghl-resource-modules-and-tests...
[Tue Mar 31 08:43:47 MST 2026] Pushed OK
[Tue Mar 31 08:44:02 MST 2026] Changes detected:
 M watch-push.log
[Tue Mar 31 08:44:22 MST 2026] Committing and pushing to feat/ghl-resource-modules-and-tests...
[Tue Mar 31 08:44:23 MST 2026] Pushed OK
[Tue Mar 31 08:44:38 MST 2026] Changes detected:
 M watch-push.log
[Tue Mar 31 08:44:58 MST 2026] Committing and pushing to feat/ghl-resource-modules-and-tests...
[Tue Mar 31 08:45:00 MST 2026] Pushed OK
[Tue Mar 31 08:45:15 MST 2026] Changes detected:
 M watch-push.log
[Tue Mar 31 08:45:52 MST 2026] Committing and pushing to feat/ghl-resource-modules-and-tests...
[Tue Mar 31 08:47:12 MST 2026] Pushed OK
[Tue Mar 31 08:47:29 MST 2026] Changes detected:
 M watch-push.log
[Tue Mar 31 08:47:49 MST 2026] Committing and pushing to feat/ghl-resource-modules-and-tests...
[Tue Mar 31 08:47:50 MST 2026] Pushed OK
[Tue Mar 31 08:48:05 MST 2026] Changes detected:
 M watch-push.log
[Tue Mar 31 08:48:25 MST 2026] Still changing, retrying...
[Tue Mar 31 08:48:40 MST 2026] Changes detected:
 M components/dashboard/ActivityFeed.tsx
 M watch-push.log
[Tue Mar 31 08:49:00 MST 2026] Committing and pushing to feat/ghl-resource-modules-and-tests...
